[39632:45800:0315/181730.421:WARNING:chrome_main_delegate.cc(745)] This is Chrome version 128.0.6613.138 (not a warning)
[39632:3640:0315/181730.498:ERROR:google_update_settings.cc(265)] Failed opening key Software\Chromium to set usagestats; result: 5
[39632:45800:0315/181730.521:WARNING:account_consistency_mode_manager.cc(77)] Desktop Identity Consistency cannot be enabled as no OAuth client ID and client secret have been configured.
[39632:6972:0315/181733.212:WARNING:leveldb_database.cc(141)] Unable to open C:\UnrealEngineGames\CyberWolf_UE5.7_Version\CyberWolf_57V\Saved\webcache_6613\Default\shared_proto_db\metadata: IO error: C:\UnrealEngineGames\CyberWolf_UE5.7_Version\CyberWolf_57V\Saved\webcache_6613\Default\shared_proto_db\metadata/MANIFEST-000001: Unable to create sequential file (ChromeMethodBFE: 7::NewSequentialFile::1)
[39632:6972:0315/181733.217:WARNING:leveldb_database.cc(141)] Unable to open C:\UnrealEngineGames\CyberWolf_UE5.7_Version\CyberWolf_57V\Saved\webcache_6613\Default\shared_proto_db\metadata: IO error: C:\UnrealEngineGames\CyberWolf_UE5.7_Version\CyberWolf_57V\Saved\webcache_6613\Default\shared_proto_db\metadata/MANIFEST-000001: Unable to create sequential file (ChromeMethodBFE: 7::NewSequentialFile::1)
[39632:6972:0315/181733.221:WARNING:leveldb_database.cc(141)] Unable to open C:\UnrealEngineGames\CyberWolf_UE5.7_Version\CyberWolf_57V\Saved\webcache_6613\Default\shared_proto_db\metadata: IO error: C:\UnrealEngineGames\CyberWolf_UE5.7_Version\CyberWolf_57V\Saved\webcache_6613\Default\shared_proto_db\metadata/MANIFEST-000001: Unable to create sequential file (ChromeMethodBFE: 7::NewSequentialFile::1)
[39632:6972:0315/181733.224:WARNING:leveldb_database.cc(141)] Unable to open C:\UnrealEngineGames\CyberWolf_UE5.7_Version\CyberWolf_57V\Saved\webcache_6613\Default\shared_proto_db\metadata: IO error: C:\UnrealEngineGames\CyberWolf_UE5.7_Version\CyberWolf_57V\Saved\webcache_6613\Default\shared_proto_db\metadata/MANIFEST-000001: Unable to create sequential file (ChromeMethodBFE: 7::NewSequentialFile::1)
[39632:14356:0315/181733.588:WARNING:value_store_frontend.cc(47)] Reading ahfgeienlihckogmohjhadlkjgocpleb.alarms from  failed: IO error: .../MANIFEST-000001: Unable to create sequential file (ChromeMethodBFE: 7::NewSequentialFile::1)
[39632:14356:0315/181733.591:WARNING:value_store_frontend.cc(47)] Reading mhjfbmdgcfjbbpaeojofohoefgiehjai.alarms from  failed: IO error: .../MANIFEST-000001: Unable to create sequential file (ChromeMethodBFE: 7::NewSequentialFile::1)
[21152:37172:0315/181734.594:WARNING:frame_impl.cc(430)] virtual CefFrameImpl::SendProcessMessage sent to detached frame 5-959314F81F7B8C33CF25474210441B4A will be ignored
[39632:36140:0315/181739.051:WARNING:leveldb_database.cc(141)] Unable to open C:\UnrealEngineGames\CyberWolf_UE5.7_Version\CyberWolf_57V\Saved\webcache_6613\Default\GCM Store\Encryption: IO error: C:\UnrealEngineGames\CyberWolf_UE5.7_Version\CyberWolf_57V\Saved\webcache_6613\Default\GCM Store\Encryption/MANIFEST-000001: Unable to create sequential file (ChromeMethodBFE: 7::NewSequentialFile::1)
[17560:48096:0315/181832.843:WARNING:frame_impl.cc(430)] virtual CefFrameImpl::SendProcessMessage sent to detached frame 7-39A188D6CEB009894D64BB7C762865DC will be ignored
[39632:45800:0315/182033.461:ERROR:device_event_log_impl.cc(196)] [18:20:33.460] USB: usb_service_win.cc:105 SetupDiGetDeviceProperty({{A45C254E-DF1C-4EFD-8020-67D146A850E0}, 6}) failed: No se ha encontrado el elemento. (0x490)
[39632:45800:0315/182431.291:ERROR:device_event_log_impl.cc(196)] [18:24:31.251] USB: usb_service_win.cc:105 SetupDiGetDeviceProperty({{A45C254E-DF1C-4EFD-8020-67D146A850E0}, 6}) failed: No se ha encontrado el elemento. (0x490)
[24316:16768:0315/182540.302:ERROR:ssl_client_socket_impl.cc(882)] handshake failed; returned -1, SSL error code 1, net_error -107
[24316:16768:0315/182540.966:ERROR:ssl_client_socket_impl.cc(882)] handshake failed; returned -1, SSL error code 1, net_error -100
[24316:16768:0315/182554.967:ERROR:ssl_client_socket_impl.cc(882)] handshake failed; returned -1, SSL error code 1, net_error -100
[24316:16768:0315/182604.970:ERROR:ssl_client_socket_impl.cc(882)] handshake failed; returned -1, SSL error code 1, net_error -100
[24316:16768:0315/192338.504:ERROR:ssl_client_socket_impl.cc(882)] handshake failed; returned -1, SSL error code 1, net_error -100
[24316:16768:0315/192339.175:ERROR:ssl_client_socket_impl.cc(882)] handshake failed; returned -1, SSL error code 1, net_error -107
[24316:16768:0315/192352.505:ERROR:ssl_client_socket_impl.cc(882)] handshake failed; returned -1, SSL error code 1, net_error -100
[24316:16768:0315/192401.172:ERROR:ssl_client_socket_impl.cc(882)] handshake failed; returned -1, SSL error code 1, net_error -100
